<?xml version="1.0" encoding="UTF-8"?>
<coverage generated="1781553448933" clover="3.2.0">
  <project timestamp="1781553448933" name="All files">
    <metrics statements="90" coveredstatements="77" conditionals="60" coveredconditionals="32" methods="13" coveredmethods="11" elements="163" coveredelements="120" complexity="0" loc="90" ncloc="90" packages="2" files="5" classes="5"/>
    <package name="guesses">
      <metrics statements="49" coveredstatements="48" conditionals="10" coveredconditionals="9" methods="7" coveredmethods="7"/>
      <file name="scoring.ts" path="C:\Users\marci\Documents\studium\semestr6\Mobilne\Live-GeoGuessr\LiveGeoGuessr\functions\src\guesses\scoring.ts">
        <metrics statements="49" coveredstatements="48" conditionals="10" coveredconditionals="9" methods="7" coveredmethods="7"/>
        <line num="1" count="1" type="stmt"/>
        <line num="15" count="1" type="stmt"/>
        <line num="25" count="1" type="stmt"/>
        <line num="28" count="4" type="cond" truecount="2" falsecount="0"/>
        <line num="30" count="2" type="stmt"/>
        <line num="33" count="2" type="stmt"/>
        <line num="41" count="27" type="stmt"/>
        <line num="44" count="1" type="stmt"/>
        <line num="50" count="6" type="stmt"/>
        <line num="52" count="6" type="stmt"/>
        <line num="56" count="6" type="stmt"/>
        <line num="61" count="6" type="stmt"/>
        <line num="64" count="6" type="stmt"/>
        <line num="67" count="6" type="stmt"/>
        <line num="72" count="6" type="stmt"/>
        <line num="77" count="6" type="stmt"/>
        <line num="80" count="1" type="stmt"/>
        <line num="84" count="16" type="cond" truecount="2" falsecount="0"/>
        <line num="85" count="2" type="stmt"/>
        <line num="88" count="14" type="cond" truecount="2" falsecount="0"/>
        <line num="92" count="4" type="stmt"/>
        <line num="96" count="10" type="stmt"/>
        <line num="100" count="10" type="stmt"/>
        <line num="102" count="10" type="stmt"/>
        <line num="107" count="10" type="stmt"/>
        <line num="113" count="3" type="stmt"/>
        <line num="114" count="3" type="stmt"/>
        <line num="116" count="3" type="stmt"/>
        <line num="117" count="3" type="stmt"/>
        <line num="120" count="3" type="stmt"/>
        <line num="121" count="3" type="stmt"/>
        <line num="124" count="3" type="stmt"/>
        <line num="134" count="3" type="cond" truecount="2" falsecount="0"/>
        <line num="135" count="1" type="stmt"/>
        <line num="138" count="2" type="cond" truecount="1" falsecount="1"/>
        <line num="139" count="0" type="stmt"/>
        <line num="142" count="2" type="stmt"/>
        <line num="145" count="1" type="stmt"/>
        <line num="153" count="3" type="stmt"/>
        <line num="154" count="3" type="stmt"/>
        <line num="157" count="3" type="stmt"/>
        <line num="160" count="3" type="stmt"/>
        <line num="166" count="3" type="stmt"/>
        <line num="169" count="3" type="stmt"/>
        <line num="172" count="3" type="stmt"/>
        <line num="178" count="3" type="stmt"/>
        <line num="186" count="3" type="stmt"/>
        <line num="194" count="3" type="stmt"/>
        <line num="198" count="3" type="stmt"/>
      </file>
    </package>
    <package name="shared">
      <metrics statements="41" coveredstatements="29" conditionals="50" coveredconditionals="23" methods="6" coveredmethods="4"/>
      <file name="authorization.ts" path="C:\Users\marci\Documents\studium\semestr6\Mobilne\Live-GeoGuessr\LiveGeoGuessr\functions\src\shared\authorization.ts">
        <metrics statements="6" coveredstatements="6" conditionals="6" coveredconditionals="6" methods="1" coveredmethods="1"/>
        <line num="2" count="1" type="stmt"/>
        <line num="4" count="1" type="stmt"/>
        <line num="7" count="3" type="cond" truecount="4" falsecount="0"/>
        <line num="9" count="3" type="cond" truecount="2" falsecount="0"/>
        <line num="10" count="2" type="stmt"/>
        <line num="16" count="1" type="stmt"/>
      </file>
      <file name="firebase.ts" path="C:\Users\marci\Documents\studium\semestr6\Mobilne\Live-GeoGuessr\LiveGeoGuessr\functions\src\shared\firebase.ts">
        <metrics statements="4" coveredstatements="4" conditionals="2" coveredconditionals="1" methods="0" coveredmethods="0"/>
        <line num="1" count="1" type="stmt"/>
        <line num="2" count="1" type="stmt"/>
        <line num="4" count="1" type="stmt"/>
        <line num="9" count="1" type="stmt"/>
      </file>
      <file name="firestore.ts" path="C:\Users\marci\Documents\studium\semestr6\Mobilne\Live-GeoGuessr\LiveGeoGuessr\functions\src\shared\firestore.ts">
        <metrics statements="20" coveredstatements="8" conditionals="26" coveredconditionals="0" methods="3" coveredmethods="1"/>
        <line num="2" count="1" type="stmt"/>
        <line num="5" count="1" type="stmt"/>
        <line num="6" count="1" type="stmt"/>
        <line num="8" count="1" type="stmt"/>
        <line num="17" count="1" type="stmt"/>
        <line num="21" count="4" type="stmt"/>
        <line num="24" count="1" type="stmt"/>
        <line num="27" count="0" type="stmt"/>
        <line num="32" count="0" type="cond" truecount="0" falsecount="2"/>
        <line num="33" count="0" type="stmt"/>
        <line num="39" count="0" type="cond" truecount="0" falsecount="4"/>
        <line num="41" count="0" type="stmt"/>
        <line num="55" count="1" type="stmt"/>
        <line num="59" count="0" type="stmt"/>
        <line num="61" count="0" type="stmt"/>
        <line num="62" count="0" type="stmt"/>
        <line num="65" count="0" type="stmt"/>
        <line num="67" count="0" type="stmt"/>
        <line num="68" count="0" type="stmt"/>
        <line num="71" count="0" type="stmt"/>
      </file>
      <file name="validation.ts" path="C:\Users\marci\Documents\studium\semestr6\Mobilne\Live-GeoGuessr\LiveGeoGuessr\functions\src\shared\validation.ts">
        <metrics statements="11" coveredstatements="11" conditionals="16" coveredconditionals="16" methods="2" coveredmethods="2"/>
        <line num="1" count="1" type="stmt"/>
        <line num="3" count="1" type="stmt"/>
        <line num="7" count="6" type="cond" truecount="4" falsecount="0"/>
        <line num="9" count="6" type="cond" truecount="2" falsecount="0"/>
        <line num="10" count="5" type="stmt"/>
        <line num="16" count="1" type="stmt"/>
        <line num="19" count="1" type="stmt"/>
        <line num="23" count="14" type="cond" truecount="2" falsecount="0"/>
        <line num="28" count="5" type="stmt"/>
        <line num="34" count="9" type="cond" truecount="2" falsecount="0"/>
        <line num="39" count="5" type="stmt"/>
      </file>
    </package>
  </project>
</coverage>
