{"C:\\Users\\marci\\Documents\\studium\\semestr6\\Mobilne\\Live-GeoGuessr\\LiveGeoGuessr\\functions\\src\\guesses\\scoring.ts": {"path":"C:\\Users\\marci\\Documents\\studium\\semestr6\\Mobilne\\Live-GeoGuessr\\LiveGeoGuessr\\functions\\src\\guesses\\scoring.ts","statementMap":{"0":{"start":{"line":25,"column":0},"end":{"line":25,"column":16}},"1":{"start":{"line":44,"column":0},"end":{"line":44,"column":16}},"2":{"start":{"line":80,"column":0},"end":{"line":80,"column":16}},"3":{"start":{"line":145,"column":0},"end":{"line":145,"column":16}},"4":{"start":{"line":1,"column":0},"end":{"line":1,"column":55}},"5":{"start":{"line":15,"column":36},"end":{"line":23,"column":2}},"6":{"start":{"line":28,"column":2},"end":{"line":37,"column":3}},"7":{"start":{"line":30,"column":6},"end":{"line":30,"column":25}},"8":{"start":{"line":33,"column":6},"end":{"line":36,"column":8}},"9":{"start":{"line":41,"column":2},"end":{"line":41,"column":33}},"10":{"start":{"line":50,"column":28},"end":{"line":50,"column":35}},"11":{"start":{"line":52,"column":29},"end":{"line":53,"column":null}},"12":{"start":{"line":56,"column":30},"end":{"line":57,"column":null}},"13":{"start":{"line":61,"column":4},"end":{"line":61,"column":27}},"14":{"start":{"line":64,"column":4},"end":{"line":64,"column":30}},"15":{"start":{"line":67,"column":4},"end":{"line":70,"column":44}},"16":{"start":{"line":72,"column":12},"end":{"line":74,"column":null}},"17":{"start":{"line":77,"column":2},"end":{"line":77,"column":31}},"18":{"start":{"line":84,"column":2},"end":{"line":86,"column":3}},"19":{"start":{"line":85,"column":4},"end":{"line":85,"column":28}},"20":{"start":{"line":88,"column":2},"end":{"line":93,"column":3}},"21":{"start":{"line":92,"column":4},"end":{"line":92,"column":13}},"22":{"start":{"line":96,"column":4},"end":{"line":97,"column":35}},"23":{"start":{"line":100,"column":4},"end":{"line":100,"column":40}},"24":{"start":{"line":102,"column":25},"end":{"line":104,"column":null}},"25":{"start":{"line":107,"column":2},"end":{"line":109,"column":4}},"26":{"start":{"line":113,"column":19},"end":{"line":113,"column":20}},"27":{"start":{"line":114,"column":20},"end":{"line":114,"column":21}},"28":{"start":{"line":116,"column":2},"end":{"line":118,"column":3}},"29":{"start":{"line":117,"column":4},"end":{"line":117,"column":31}},"30":{"start":{"line":120,"column":2},"end":{"line":122,"column":3}},"31":{"start":{"line":121,"column":4},"end":{"line":121,"column":32}},"32":{"start":{"line":124,"column":2},"end":{"line":128,"column":4}},"33":{"start":{"line":134,"column":2},"end":{"line":136,"column":3}},"34":{"start":{"line":135,"column":4},"end":{"line":135,"column":27}},"35":{"start":{"line":138,"column":2},"end":{"line":140,"column":3}},"36":{"start":{"line":139,"column":4},"end":{"line":139,"column":27}},"37":{"start":{"line":142,"column":2},"end":{"line":142,"column":19}},"38":{"start":{"line":153,"column":28},"end":{"line":153,"column":35}},"39":{"start":{"line":154,"column":16},"end":{"line":154,"column":43}},"40":{"start":{"line":157,"column":4},"end":{"line":158,"column":25}},"41":{"start":{"line":160,"column":25},"end":{"line":162,"column":null}},"42":{"start":{"line":166,"column":4},"end":{"line":166,"column":36}},"43":{"start":{"line":169,"column":4},"end":{"line":169,"column":36}},"44":{"start":{"line":172,"column":4},"end":{"line":175,"column":11}},"45":{"start":{"line":178,"column":4},"end":{"line":184,"column":11}},"46":{"start":{"line":186,"column":19},"end":{"line":191,"column":null}},"47":{"start":{"line":194,"column":20},"end":{"line":195,"column":null}},"48":{"start":{"line":198,"column":2},"end":{"line":201,"column":4}}},"fnMap":{"0":{"name":"getGameModeConfig","decl":{"start":{"line":25,"column":16},"end":{"line":25,"column":33}},"loc":{"start":{"line":26,"column":14},"end":{"line":38,"column":1}}},"1":{"name":"toRadians","decl":{"start":{"line":40,"column":9},"end":{"line":40,"column":18}},"loc":{"start":{"line":40,"column":34},"end":{"line":42,"column":1}}},"2":{"name":"calculateDistanceMeters","decl":{"start":{"line":44,"column":16},"end":{"line":44,"column":39}},"loc":{"start":{"line":48,"column":26},"end":{"line":78,"column":1}}},"3":{"name":"calculatePoints","decl":{"start":{"line":80,"column":16},"end":{"line":80,"column":31}},"loc":{"start":{"line":82,"column":24},"end":{"line":110,"column":1}}},"4":{"name":"randomGaussian","decl":{"start":{"line":112,"column":9},"end":{"line":112,"column":23}},"loc":{"start":{"line":112,"column":23},"end":{"line":129,"column":1}}},"5":{"name":"normalizeLongitude","decl":{"start":{"line":131,"column":9},"end":{"line":131,"column":27}},"loc":{"start":{"line":132,"column":19},"end":{"line":143,"column":1}}},"6":{"name":"createApproximateMapCenter","decl":{"start":{"line":145,"column":16},"end":{"line":145,"column":42}},"loc":{"start":{"line":148,"column":25},"end":{"line":202,"column":1}}}},"branchMap":{"0":{"loc":{"start":{"line":28,"column":2},"end":{"line":37,"column":3}},"type":"switch","locations":[{"start":{"line":29,"column":4},"end":{"line":30,"column":25}},{"start":{"line":32,"column":4},"end":{"line":36,"column":8}}]},"1":{"loc":{"start":{"line":84,"column":2},"end":{"line":86,"column":3}},"type":"if","locations":[{"start":{"line":84,"column":2},"end":{"line":86,"column":3}},{"start":{},"end":{}}]},"2":{"loc":{"start":{"line":88,"column":2},"end":{"line":93,"column":3}},"type":"if","locations":[{"start":{"line":88,"column":2},"end":{"line":93,"column":3}},{"start":{},"end":{}}]},"3":{"loc":{"start":{"line":134,"column":2},"end":{"line":136,"column":3}},"type":"if","locations":[{"start":{"line":134,"column":2},"end":{"line":136,"column":3}},{"start":{},"end":{}}]},"4":{"loc":{"start":{"line":138,"column":2},"end":{"line":140,"column":3}},"type":"if","locations":[{"start":{"line":138,"column":2},"end":{"line":140,"column":3}},{"start":{},"end":{}}]}},"s":{"0":1,"1":1,"2":1,"3":1,"4":1,"5":1,"6":4,"7":2,"8":2,"9":27,"10":6,"11":6,"12":6,"13":6,"14":6,"15":6,"16":6,"17":6,"18":16,"19":2,"20":14,"21":4,"22":10,"23":10,"24":10,"25":10,"26":3,"27":3,"28":3,"29":3,"30":3,"31":3,"32":3,"33":3,"34":1,"35":2,"36":0,"37":2,"38":3,"39":3,"40":3,"41":3,"42":3,"43":3,"44":3,"45":3,"46":3,"47":3,"48":3},"f":{"0":4,"1":27,"2":6,"3":16,"4":3,"5":3,"6":3},"b":{"0":[2,2],"1":[2,14],"2":[4,10],"3":[1,2],"4":[0,2]}}
,"C:\\Users\\marci\\Documents\\studium\\semestr6\\Mobilne\\Live-GeoGuessr\\LiveGeoGuessr\\functions\\src\\shared\\authorization.ts": {"path":"C:\\Users\\marci\\Documents\\studium\\semestr6\\Mobilne\\Live-GeoGuessr\\LiveGeoGuessr\\functions\\src\\shared\\authorization.ts","statementMap":{"0":{"start":{"line":4,"column":0},"end":{"line":4,"column":16}},"1":{"start":{"line":2,"column":0},"end":{"line":2,"column":55}},"2":{"start":{"line":7,"column":14},"end":{"line":7,"column":31}},"3":{"start":{"line":9,"column":2},"end":{"line":14,"column":3}},"4":{"start":{"line":10,"column":4},"end":{"line":13,"column":6}},"5":{"start":{"line":16,"column":2},"end":{"line":16,"column":13}}},"fnMap":{"0":{"name":"requireAuthenticatedUid","decl":{"start":{"line":4,"column":16},"end":{"line":4,"column":39}},"loc":{"start":{"line":5,"column":29},"end":{"line":17,"column":1}}}},"branchMap":{"0":{"loc":{"start":{"line":7,"column":14},"end":{"line":7,"column":31}},"type":"cond-expr","locations":[{"start":{"line":7,"column":26},"end":{"line":7,"column":28}},{"start":{"line":7,"column":26},"end":{"line":7,"column":31}}]},"1":{"loc":{"start":{"line":7,"column":14},"end":{"line":7,"column":28}},"type":"binary-expr","locations":[{"start":{"line":7,"column":14},"end":{"line":7,"column":28}},{"start":{"line":7,"column":26},"end":{"line":7,"column":28}}]},"2":{"loc":{"start":{"line":9,"column":2},"end":{"line":14,"column":3}},"type":"if","locations":[{"start":{"line":9,"column":2},"end":{"line":14,"column":3}},{"start":{},"end":{}}]}},"s":{"0":1,"1":1,"2":3,"3":3,"4":2,"5":1},"f":{"0":3},"b":{"0":[2,1],"1":[3,3],"2":[2,1]}}
,"C:\\Users\\marci\\Documents\\studium\\semestr6\\Mobilne\\Live-GeoGuessr\\LiveGeoGuessr\\functions\\src\\shared\\firebase.ts": {"path":"C:\\Users\\marci\\Documents\\studium\\semestr6\\Mobilne\\Live-GeoGuessr\\LiveGeoGuessr\\functions\\src\\shared\\firebase.ts","statementMap":{"0":{"start":{"line":1,"column":0},"end":{"line":1,"column":66}},"1":{"start":{"line":2,"column":0},"end":{"line":2,"column":55}},"2":{"start":{"line":4,"column":0},"end":{"line":7,"column":3}},"3":{"start":{"line":9,"column":13},"end":{"line":10,"column":52}}},"fnMap":{},"branchMap":{"0":{"loc":{"start":{"line":10,"column":2},"end":{"line":10,"column":51}},"type":"cond-expr","locations":[{"start":{"line":10,"column":25},"end":{"line":10,"column":33}},{"start":{"line":10,"column":36},"end":{"line":10,"column":51}}]}},"s":{"0":1,"1":1,"2":1,"3":1},"f":{},"b":{"0":[0,1]}}
,"C:\\Users\\marci\\Documents\\studium\\semestr6\\Mobilne\\Live-GeoGuessr\\LiveGeoGuessr\\functions\\src\\shared\\firestore.ts": {"path":"C:\\Users\\marci\\Documents\\studium\\semestr6\\Mobilne\\Live-GeoGuessr\\LiveGeoGuessr\\functions\\src\\shared\\firestore.ts","statementMap":{"0":{"start":{"line":17,"column":0},"end":{"line":17,"column":16}},"1":{"start":{"line":24,"column":0},"end":{"line":24,"column":7}},"2":{"start":{"line":55,"column":0},"end":{"line":55,"column":7}},"3":{"start":{"line":2,"column":0},"end":{"line":2,"column":null}},"4":{"start":{"line":5,"column":0},"end":{"line":5,"column":55}},"5":{"start":{"line":6,"column":0},"end":{"line":6,"column":39}},"6":{"start":{"line":8,"column":13},"end":{"line":8,"column":44}},"7":{"start":{"line":21,"column":2},"end":{"line":21,"column":39}},"8":{"start":{"line":27,"column":23},"end":{"line":30,"column":10}},"9":{"start":{"line":32,"column":2},"end":{"line":37,"column":3}},"10":{"start":{"line":33,"column":4},"end":{"line":36,"column":6}},"11":{"start":{"line":39,"column":15},"end":{"line":39,"column":40}},"12":{"start":{"line":41,"column":2},"end":{"line":52,"column":4}},"13":{"start":{"line":59,"column":4},"end":{"line":59,"column":40}},"14":{"start":{"line":61,"column":2},"end":{"line":63,"column":3}},"15":{"start":{"line":62,"column":4},"end":{"line":62,"column":52}},"16":{"start":{"line":65,"column":21},"end":{"line":65,"column":36}},"17":{"start":{"line":67,"column":2},"end":{"line":69,"column":3}},"18":{"start":{"line":68,"column":4},"end":{"line":68,"column":33}},"19":{"start":{"line":71,"column":2},"end":{"line":71,"column":27}}},"fnMap":{"0":{"name":"getFriendRequestId","decl":{"start":{"line":17,"column":16},"end":{"line":17,"column":34}},"loc":{"start":{"line":19,"column":14},"end":{"line":22,"column":1}}},"1":{"name":"getUserPublicData","decl":{"start":{"line":24,"column":22},"end":{"line":24,"column":39}},"loc":{"start":{"line":25,"column":13},"end":{"line":53,"column":1}}},"2":{"name":"deleteDocumentReferences","decl":{"start":{"line":55,"column":22},"end":{"line":55,"column":46}},"loc":{"start":{"line":56,"column":33},"end":{"line":72,"column":1}}}},"branchMap":{"0":{"loc":{"start":{"line":32,"column":2},"end":{"line":37,"column":3}},"type":"if","locations":[{"start":{"line":32,"column":2},"end":{"line":37,"column":3}},{"start":{},"end":{}}]},"1":{"loc":{"start":{"line":39,"column":15},"end":{"line":39,"column":40}},"type":"cond-expr","locations":[{"start":{"line":39,"column":34},"end":{"line":39,"column":38}},{"start":{"line":39,"column":38},"end":{"line":39,"column":40}}]},"2":{"loc":{"start":{"line":39,"column":15},"end":{"line":39,"column":38}},"type":"binary-expr","locations":[{"start":{"line":39,"column":15},"end":{"line":39,"column":38}},{"start":{"line":39,"column":34},"end":{"line":39,"column":38}}]},"3":{"loc":{"start":{"line":44,"column":6},"end":{"line":46,"column":14}},"type":"cond-expr","locations":[{"start":{"line":45,"column":22},"end":{"line":45,"column":null}},{"start":{"line":46,"column":6},"end":{"line":46,"column":14}}]},"4":{"loc":{"start":{"line":44,"column":6},"end":{"line":45,"column":null}},"type":"binary-expr","locations":[{"start":{"line":44,"column":6},"end":{"line":45,"column":null}},{"start":{"line":45,"column":22},"end":{"line":45,"column":null}}]},"5":{"loc":{"start":{"line":44,"column":6},"end":{"line":45,"column":22}},"type":"cond-expr","locations":[{"start":{"line":44,"column":19},"end":{"line":44,"column":null}},{"start":{"line":45,"column":6},"end":{"line":45,"column":22}}]},"6":{"loc":{"start":{"line":44,"column":6},"end":{"line":44,"column":null}},"type":"binary-expr","locations":[{"start":{"line":44,"column":6},"end":{"line":44,"column":null}},{"start":{"line":44,"column":19},"end":{"line":44,"column":null}}]},"7":{"loc":{"start":{"line":48,"column":6},"end":{"line":50,"column":14}},"type":"cond-expr","locations":[{"start":{"line":49,"column":19},"end":{"line":49,"column":null}},{"start":{"line":50,"column":6},"end":{"line":50,"column":14}}]},"8":{"loc":{"start":{"line":48,"column":6},"end":{"line":49,"column":null}},"type":"binary-expr","locations":[{"start":{"line":48,"column":6},"end":{"line":49,"column":null}},{"start":{"line":49,"column":19},"end":{"line":49,"column":null}}]},"9":{"loc":{"start":{"line":48,"column":6},"end":{"line":49,"column":19}},"type":"cond-expr","locations":[{"start":{"line":48,"column":22},"end":{"line":48,"column":null}},{"start":{"line":49,"column":6},"end":{"line":49,"column":19}}]},"10":{"loc":{"start":{"line":48,"column":6},"end":{"line":48,"column":null}},"type":"binary-expr","locations":[{"start":{"line":48,"column":6},"end":{"line":48,"column":null}},{"start":{"line":48,"column":22},"end":{"line":48,"column":null}}]},"11":{"loc":{"start":{"line":51,"column":14},"end":{"line":51,"column":35}},"type":"cond-expr","locations":[{"start":{"line":51,"column":27},"end":{"line":51,"column":31}},{"start":{"line":51,"column":31},"end":{"line":51,"column":35}}]},"12":{"loc":{"start":{"line":51,"column":14},"end":{"line":51,"column":31}},"type":"binary-expr","locations":[{"start":{"line":51,"column":14},"end":{"line":51,"column":31}},{"start":{"line":51,"column":27},"end":{"line":51,"column":31}}]}},"s":{"0":1,"1":1,"2":1,"3":1,"4":1,"5":1,"6":1,"7":4,"8":0,"9":0,"10":0,"11":0,"12":0,"13":0,"14":0,"15":0,"16":0,"17":0,"18":0,"19":0},"f":{"0":4,"1":0,"2":0},"b":{"0":[0,0],"1":[0,0],"2":[0,0],"3":[0,0],"4":[0,0],"5":[0,0],"6":[0,0],"7":[0,0],"8":[0,0],"9":[0,0],"10":[0,0],"11":[0,0],"12":[0,0]}}
,"C:\\Users\\marci\\Documents\\studium\\semestr6\\Mobilne\\Live-GeoGuessr\\LiveGeoGuessr\\functions\\src\\shared\\validation.ts": {"path":"C:\\Users\\marci\\Documents\\studium\\semestr6\\Mobilne\\Live-GeoGuessr\\LiveGeoGuessr\\functions\\src\\shared\\validation.ts","statementMap":{"0":{"start":{"line":3,"column":0},"end":{"line":3,"column":16}},"1":{"start":{"line":19,"column":0},"end":{"line":19,"column":16}},"2":{"start":{"line":1,"column":0},"end":{"line":1,"column":55}},"3":{"start":{"line":7,"column":17},"end":{"line":7,"column":43}},"4":{"start":{"line":9,"column":2},"end":{"line":14,"column":3}},"5":{"start":{"line":10,"column":4},"end":{"line":13,"column":6}},"6":{"start":{"line":16,"column":2},"end":{"line":16,"column":16}},"7":{"start":{"line":23,"column":2},"end":{"line":32,"column":3}},"8":{"start":{"line":28,"column":4},"end":{"line":31,"column":6}},"9":{"start":{"line":34,"column":2},"end":{"line":43,"column":3}},"10":{"start":{"line":39,"column":4},"end":{"line":42,"column":6}}},"fnMap":{"0":{"name":"requireString","decl":{"start":{"line":3,"column":16},"end":{"line":3,"column":29}},"loc":{"start":{"line":5,"column":19},"end":{"line":17,"column":1}}},"1":{"name":"assertValidCoordinates","decl":{"start":{"line":19,"column":16},"end":{"line":19,"column":38}},"loc":{"start":{"line":21,"column":19},"end":{"line":44,"column":1}}}},"branchMap":{"0":{"loc":{"start":{"line":7,"column":24},"end":{"line":7,"column":35}},"type":"cond-expr","locations":[{"start":{"line":7,"column":24},"end":{"line":7,"column":29}},{"start":{"line":7,"column":33},"end":{"line":7,"column":35}}]},"1":{"loc":{"start":{"line":7,"column":24},"end":{"line":7,"column":33}},"type":"binary-expr","locations":[{"start":{"line":7,"column":24},"end":{"line":7,"column":33}},{"start":{"line":7,"column":24},"end":{"line":7,"column":33}}]},"2":{"loc":{"start":{"line":9,"column":2},"end":{"line":14,"column":3}},"type":"if","locations":[{"start":{"line":9,"column":2},"end":{"line":14,"column":3}},{"start":{},"end":{}}]},"3":{"loc":{"start":{"line":23,"column":2},"end":{"line":32,"column":3}},"type":"if","locations":[{"start":{"line":23,"column":2},"end":{"line":32,"column":3}},{"start":{},"end":{}}]},"4":{"loc":{"start":{"line":24,"column":4},"end":{"line":26,"column":17}},"type":"binary-expr","locations":[{"start":{"line":24,"column":4},"end":{"line":24,"column":26}},{"start":{"line":25,"column":4},"end":{"line":25,"column":18}},{"start":{"line":26,"column":4},"end":{"line":26,"column":17}}]},"5":{"loc":{"start":{"line":34,"column":2},"end":{"line":43,"column":3}},"type":"if","locations":[{"start":{"line":34,"column":2},"end":{"line":43,"column":3}},{"start":{},"end":{}}]},"6":{"loc":{"start":{"line":35,"column":4},"end":{"line":37,"column":19}},"type":"binary-expr","locations":[{"start":{"line":35,"column":4},"end":{"line":35,"column":27}},{"start":{"line":36,"column":4},"end":{"line":36,"column":20}},{"start":{"line":37,"column":4},"end":{"line":37,"column":19}}]}},"s":{"0":1,"1":1,"2":1,"3":6,"4":6,"5":5,"6":1,"7":14,"8":5,"9":9,"10":5},"f":{"0":6,"1":14},"b":{"0":[4,2],"1":[6,5],"2":[5,1],"3":[5,9],"4":[14,13,11],"5":[5,4],"6":[9,8,6]}}
}
