TN:
SF:src\guesses\scoring.ts
FN:25,getGameModeConfig
FN:40,toRadians
FN:44,calculateDistanceMeters
FN:80,calculatePoints
FN:112,randomGaussian
FN:131,normalizeLongitude
FN:145,createApproximateMapCenter
FNF:7
FNH:7
FNDA:4,getGameModeConfig
FNDA:27,toRadians
FNDA:6,calculateDistanceMeters
FNDA:16,calculatePoints
FNDA:3,randomGaussian
FNDA:3,normalizeLongitude
FNDA:3,createApproximateMapCenter
DA:1,1
DA:15,1
DA:25,1
DA:28,4
DA:30,2
DA:33,2
DA:41,27
DA:44,1
DA:50,6
DA:52,6
DA:56,6
DA:61,6
DA:64,6
DA:67,6
DA:72,6
DA:77,6
DA:80,1
DA:84,16
DA:85,2
DA:88,14
DA:92,4
DA:96,10
DA:100,10
DA:102,10
DA:107,10
DA:113,3
DA:114,3
DA:116,3
DA:117,3
DA:120,3
DA:121,3
DA:124,3
DA:134,3
DA:135,1
DA:138,2
DA:139,0
DA:142,2
DA:145,1
DA:153,3
DA:154,3
DA:157,3
DA:160,3
DA:166,3
DA:169,3
DA:172,3
DA:178,3
DA:186,3
DA:194,3
DA:198,3
LF:49
LH:48
BRDA:28,0,0,2
BRDA:28,0,1,2
BRDA:84,1,0,2
BRDA:84,1,1,14
BRDA:88,2,0,4
BRDA:88,2,1,10
BRDA:134,3,0,1
BRDA:134,3,1,2
BRDA:138,4,0,0
BRDA:138,4,1,2
BRF:10
BRH:9
end_of_record
TN:
SF:src\shared\authorization.ts
FN:4,requireAuthenticatedUid
FNF:1
FNH:1
FNDA:3,requireAuthenticatedUid
DA:2,1
DA:4,1
DA:7,3
DA:9,3
DA:10,2
DA:16,1
LF:6
LH:6
BRDA:7,0,0,2
BRDA:7,0,1,1
BRDA:7,1,0,3
BRDA:7,1,1,3
BRDA:9,2,0,2
BRDA:9,2,1,1
BRF:6
BRH:6
end_of_record
TN:
SF:src\shared\firebase.ts
FNF:0
FNH:0
DA:1,1
DA:2,1
DA:4,1
DA:9,1
LF:4
LH:4
BRDA:10,0,0,0
BRDA:10,0,1,1
BRF:2
BRH:1
end_of_record
TN:
SF:src\shared\firestore.ts
FN:17,getFriendRequestId
FN:24,getUserPublicData
FN:55,deleteDocumentReferences
FNF:3
FNH:1
FNDA:4,getFriendRequestId
FNDA:0,getUserPublicData
FNDA:0,deleteDocumentReferences
DA:2,1
DA:5,1
DA:6,1
DA:8,1
DA:17,1
DA:21,4
DA:24,1
DA:27,0
DA:32,0
DA:33,0
DA:39,0
DA:41,0
DA:55,1
DA:59,0
DA:61,0
DA:62,0
DA:65,0
DA:67,0
DA:68,0
DA:71,0
LF:20
LH:8
BRDA:32,0,0,0
BRDA:32,0,1,0
BRDA:39,1,0,0
BRDA:39,1,1,0
BRDA:39,2,0,0
BRDA:39,2,1,0
BRDA:44,3,0,0
BRDA:44,3,1,0
BRDA:44,4,0,0
BRDA:44,4,1,0
BRDA:44,5,0,0
BRDA:44,5,1,0
BRDA:44,6,0,0
BRDA:44,6,1,0
BRDA:48,7,0,0
BRDA:48,7,1,0
BRDA:48,8,0,0
BRDA:48,8,1,0
BRDA:48,9,0,0
BRDA:48,9,1,0
BRDA:48,10,0,0
BRDA:48,10,1,0
BRDA:51,11,0,0
BRDA:51,11,1,0
BRDA:51,12,0,0
BRDA:51,12,1,0
BRF:26
BRH:0
end_of_record
TN:
SF:src\shared\validation.ts
FN:3,requireString
FN:19,assertValidCoordinates
FNF:2
FNH:2
FNDA:6,requireString
FNDA:14,assertValidCoordinates
DA:1,1
DA:3,1
DA:7,6
DA:9,6
DA:10,5
DA:16,1
DA:19,1
DA:23,14
DA:28,5
DA:34,9
DA:39,5
LF:11
LH:11
BRDA:7,0,0,4
BRDA:7,0,1,2
BRDA:7,1,0,6
BRDA:7,1,1,5
BRDA:9,2,0,5
BRDA:9,2,1,1
BRDA:23,3,0,5
BRDA:23,3,1,9
BRDA:24,4,0,14
BRDA:24,4,1,13
BRDA:24,4,2,11
BRDA:34,5,0,5
BRDA:34,5,1,4
BRDA:35,6,0,9
BRDA:35,6,1,8
BRDA:35,6,2,6
BRF:16
BRH:16
end_of_record
